<?xml version="1.0" encoding="UTF-8"?>
<!-- Generated by org.testng.reporters.JUnitReportReporter -->
<testsuite hostname="DESKTOP-OOQID91" failures="0" tests="1" name="SeleniumAssignment.AssignmentIV_CI_CD.AppTest" time="0.008" errors="0" timestamp="2024-04-01T19:35:26 IST" skipped="0">
  <testcase classname="SeleniumAssignment.AssignmentIV_CI_CD.AppTest" name="SampleTest" time="0.008"/>
</testsuite> <!-- SeleniumAssignment.AssignmentIV_CI_CD.AppTest -->
